This is XeTeX, Version 3.141592653-2.6-0.999995 (TeX Live 2023/Debian) (preloaded format=xelatex 2025.7.14)  15 JUL 2025 12:47
entering extended mode
 restricted \write18 enabled.
 %&-line parsing enabled.
**1.tex
(./1.tex
LaTeX2e <2023-11-01> patch level 1
L3 programming layer <2024-01-22>
(/usr/share/texlive/texmf-dist/tex/latex/base/article.cls
Document Class: article 2023/05/17 v1.4n Standard LaTeX document class
(/usr/share/texlive/texmf-dist/tex/latex/base/size10.clo
File: size10.clo 2023/05/17 v1.4n Standard LaTeX file (size option)
)
\c@part=\count183
\c@section=\count184
\c@subsection=\count185
\c@subsubsection=\count186
\c@paragraph=\count187
\c@subparagraph=\count188
\c@figure=\count189
\c@table=\count190
\abovecaptionskip=\skip48
\belowcaptionskip=\skip49
\bibindent=\dimen140
)
(/usr/share/texlive/texmf-dist/tex/latex/ctex/ctex.sty
(/usr/share/texlive/texmf-dist/tex/latex/l3kernel/expl3.sty
Package: expl3 2024-01-22 L3 programming layer (loader) 

(/usr/share/texlive/texmf-dist/tex/latex/l3backend/l3backend-xetex.def
File: l3backend-xetex.def 2024-01-04 L3 backend support: XeTeX
\g__graphics_track_int=\count191
\l__pdf_internal_box=\box51
\g__pdf_backend_object_int=\count192
\g__pdf_backend_annotation_int=\count193
\g__pdf_backend_link_int=\count194
))
Package: ctex 2022/07/14 v2.5.10 Chinese adapter in LaTeX (CTEX)

(/usr/share/texlive/texmf-dist/tex/latex/ctex/ctexhook.sty
Package: ctexhook 2022/07/14 v2.5.10 Document and package hooks (CTEX)
)
(/usr/share/texlive/texmf-dist/tex/latex/ctex/ctexpatch.sty
Package: ctexpatch 2022/07/14 v2.5.10 Patching commands (CTEX)
)
(/usr/share/texlive/texmf-dist/tex/latex/base/fix-cm.sty
Package: fix-cm 2020/11/24 v1.1t fixes to LaTeX

(/usr/share/texlive/texmf-dist/tex/latex/base/ts1enc.def
File: ts1enc.def 2001/06/05 v3.0e (jk/car/fm) Standard LaTeX file
LaTeX Font Info:    Redeclaring font encoding TS1 on input line 47.
))
\l__ctex_tmp_int=\count195
\l__ctex_tmp_box=\box52
\l__ctex_tmp_dim=\dimen141
\g__ctex_section_depth_int=\count196
\g__ctex_font_size_int=\count197

(/usr/share/texlive/texmf-dist/tex/latex/ctex/config/ctexopts.cfg
File: ctexopts.cfg 2022/07/14 v2.5.10 Option configuration file (CTEX)
)
(/usr/share/texlive/texmf-dist/tex/latex/ctex/engine/ctex-engine-xetex.def
File: ctex-engine-xetex.def 2022/07/14 v2.5.10 XeLaTeX adapter (CTEX)

(/usr/share/texlive/texmf-dist/tex/xelatex/xecjk/xeCJK.sty
Package: xeCJK 2022/08/05 v3.9.1 Typesetting CJK scripts with XeLaTeX

(/usr/share/texlive/texmf-dist/tex/latex/l3packages/xtemplate/xtemplate.sty
Package: xtemplate 2023-10-10 L3 Experimental prototype document functions
\l__xtemplate_tmp_dim=\dimen142
\l__xtemplate_tmp_int=\count198
\l__xtemplate_tmp_muskip=\muskip16
\l__xtemplate_tmp_skip=\skip50
)
\l__xeCJK_tmp_int=\count199
\l__xeCJK_tmp_box=\box53
\l__xeCJK_tmp_dim=\dimen143
\l__xeCJK_tmp_skip=\skip51
\g__xeCJK_space_factor_int=\count266
\l__xeCJK_begin_int=\count267
\l__xeCJK_end_int=\count268
\c__xeCJK_CJK_class_int=\XeTeXcharclass1
\c__xeCJK_FullLeft_class_int=\XeTeXcharclass2
\c__xeCJK_FullRight_class_int=\XeTeXcharclass3
\c__xeCJK_HalfLeft_class_int=\XeTeXcharclass4
\c__xeCJK_HalfRight_class_int=\XeTeXcharclass5
\c__xeCJK_NormalSpace_class_int=\XeTeXcharclass6
\c__xeCJK_CM_class_int=\XeTeXcharclass7
\c__xeCJK_HangulJamo_class_int=\XeTeXcharclass8
\l__xeCJK_last_skip=\skip52
\c__xeCJK_none_node=\count269
\g__xeCJK_node_int=\count270
\c__xeCJK_CJK_node_dim=\dimen144
\c__xeCJK_CJK-space_node_dim=\dimen145
\c__xeCJK_default_node_dim=\dimen146
\c__xeCJK_CJK-widow_node_dim=\dimen147
\c__xeCJK_normalspace_node_dim=\dimen148
\c__xeCJK_default-space_node_skip=\skip53
\l__xeCJK_ccglue_skip=\skip54
\l__xeCJK_ecglue_skip=\skip55
\l__xeCJK_punct_kern_skip=\skip56
\l__xeCJK_indent_box=\box54
\l__xeCJK_last_penalty_int=\count271
\l__xeCJK_last_bound_dim=\dimen149
\l__xeCJK_last_kern_dim=\dimen150
\l__xeCJK_widow_penalty_int=\count272

Package xtemplate Info: Declaring object type 'xeCJK/punctuation' taking 0
(xtemplate)             argument(s) on line 2396.

\l__xeCJK_fixed_punct_width_dim=\dimen151
\l__xeCJK_mixed_punct_width_dim=\dimen152
\l__xeCJK_middle_punct_width_dim=\dimen153
\l__xeCJK_fixed_margin_width_dim=\dimen154
\l__xeCJK_mixed_margin_width_dim=\dimen155
\l__xeCJK_middle_margin_width_dim=\dimen156
\l__xeCJK_bound_punct_width_dim=\dimen157
\l__xeCJK_bound_margin_width_dim=\dimen158
\l__xeCJK_margin_minimum_dim=\dimen159
\l__xeCJK_kerning_total_width_dim=\dimen160
\l__xeCJK_same_align_margin_dim=\dimen161
\l__xeCJK_different_align_margin_dim=\dimen162
\l__xeCJK_kerning_margin_width_dim=\dimen163
\l__xeCJK_kerning_margin_minimum_dim=\dimen164
\l__xeCJK_bound_dim=\dimen165
\l__xeCJK_reverse_bound_dim=\dimen166
\l__xeCJK_margin_dim=\dimen167
\l__xeCJK_minimum_bound_dim=\dimen168
\l__xeCJK_kerning_margin_dim=\dimen169
\g__xeCJK_family_int=\count273
\l__xeCJK_fam_int=\count274
\g__xeCJK_fam_allocation_int=\count275
\l__xeCJK_verb_case_int=\count276
\l__xeCJK_verb_exspace_skip=\skip57

(/usr/share/texlive/texmf-dist/tex/latex/fontspec/fontspec.sty
(/usr/share/texlive/texmf-dist/tex/latex/l3packages/xparse/xparse.sty
Package: xparse 2023-10-10 L3 Experimental document command parser
)
Package: fontspec 2022/01/15 v2.8a Font selection for XeLaTeX and LuaLaTeX

(/usr/share/texlive/texmf-dist/tex/latex/fontspec/fontspec-xetex.sty
Package: fontspec-xetex 2022/01/15 v2.8a Font selection for XeLaTeX and LuaLaTe
X
\l__fontspec_script_int=\count277
\l__fontspec_language_int=\count278
\l__fontspec_strnum_int=\count279
\l__fontspec_tmp_int=\count280
\l__fontspec_tmpa_int=\count281
\l__fontspec_tmpb_int=\count282
\l__fontspec_tmpc_int=\count283
\l__fontspec_em_int=\count284
\l__fontspec_emdef_int=\count285
\l__fontspec_strong_int=\count286
\l__fontspec_strongdef_int=\count287
\l__fontspec_tmpa_dim=\dimen170
\l__fontspec_tmpb_dim=\dimen171
\l__fontspec_tmpc_dim=\dimen172

(/usr/share/texlive/texmf-dist/tex/latex/base/fontenc.sty
Package: fontenc 2021/04/29 v2.0v Standard LaTeX package
)
(/usr/share/texlive/texmf-dist/tex/latex/fontspec/fontspec.cfg)))
(/usr/share/texlive/texmf-dist/tex/xelatex/xecjk/xeCJK.cfg
File: xeCJK.cfg 2022/08/05 v3.9.1 Configuration file for xeCJK package
))
\ccwd=\dimen173
\l__ctex_ccglue_skip=\skip58
)
\l__ctex_ziju_dim=\dimen174

(/usr/share/texlive/texmf-dist/tex/latex/zhnumber/zhnumber.sty
Package: zhnumber 2022/07/14 v3.0 Typesetting numbers with Chinese glyphs
\l__zhnum_scale_int=\count288
\l__zhnum_tmp_int=\count289

(/usr/share/texlive/texmf-dist/tex/latex/zhnumber/zhnumber-utf8.cfg
File: zhnumber-utf8.cfg 2022/07/14 v3.0 Chinese numerals with UTF8 encoding
))
(/usr/share/texlive/texmf-dist/tex/latex/ctex/scheme/ctex-scheme-chinese.def
File: ctex-scheme-chinese.def 2022/07/14 v2.5.10 Chinese scheme for generic (CT
EX)

(/usr/share/texlive/texmf-dist/tex/latex/ctex/config/ctex-name-utf8.cfg
File: ctex-name-utf8.cfg 2022/07/14 v2.5.10 Caption with encoding UTF-8 (CTEX)
))
(/usr/share/texlive/texmf-dist/tex/latex/tools/indentfirst.sty
Package: indentfirst 2023/07/02 v1.03 Indent first paragraph (DPC)
)
(/usr/share/texlive/texmf-dist/tex/latex/ctex/ctex-c5size.clo
File: ctex-c5size.clo 2022/07/14 v2.5.10 c5size option (CTEX)
)
(/usr/share/texlive/texmf-dist/tex/latex/ctex/fontset/ctex-fontset-fandol.def
File: ctex-fontset-fandol.def 2022/07/14 v2.5.10 Fandol fonts definition (CTEX)



Package fontspec Warning: Font "FandolSong-Regular" does not contain requested
(fontspec)                Script "CJK".


Package fontspec Info: Font family 'FandolSong-Regular(0)' created for font
(fontspec)             'FandolSong-Regular' with options
(fontspec)             [Script={CJK},Extension={.otf},BoldFont={FandolSong-Bold
},ItalicFont={FandolKai-Regular}].
(fontspec)              
(fontspec)              This font family consists of the following NFSS
(fontspec)             series/shapes:
(fontspec)              
(fontspec)             - 'normal' (m/n) with NFSS spec.:
(fontspec)             <->"[FandolSong-Regular.otf]/OT:language=dflt;"
(fontspec)             - 'small caps'  (m/sc) with NFSS spec.: 
(fontspec)             - 'bold' (b/n) with NFSS spec.:
(fontspec)             <->"[FandolSong-Bold.otf]/OT:language=dflt;"
(fontspec)             - 'bold small caps'  (b/sc) with NFSS spec.: 
(fontspec)             - 'italic' (m/it) with NFSS spec.:
(fontspec)             <->"[FandolKai-Regular.otf]/OT:language=dflt;"
(fontspec)             - 'italic small caps'  (m/scit) with NFSS spec.: 

)) (/usr/share/texlive/texmf-dist/tex/latex/ctex/config/ctex.cfg
File: ctex.cfg 2022/07/14 v2.5.10 Configuration file (CTEX)
)
(/usr/share/texlive/texmf-dist/tex/latex/tools/longtable.sty
Package: longtable 2023-11-01 v4.19 Multi-page Table package (DPC)
\LTleft=\skip59
\LTright=\skip60
\LTpre=\skip61
\LTpost=\skip62
\LTchunksize=\count290
\LTcapwidth=\dimen175
\LT@head=\box55
\LT@firsthead=\box56
\LT@foot=\box57
\LT@lastfoot=\box58
\LT@gbox=\box59
\LT@cols=\count291
\LT@rows=\count292
\c@LT@tables=\count293
\c@LT@chunks=\count294
\LT@p@ftn=\toks17
)
(/usr/share/texlive/texmf-dist/tex/latex/multirow/multirow.sty
Package: multirow 2021/03/15 v2.8 Span multiple rows of a table
\multirow@colwidth=\skip63
\multirow@cntb=\count295
\multirow@dima=\skip64
\bigstrutjot=\dimen176
)
(/usr/share/texlive/texmf-dist/tex/latex/geometry/geometry.sty
Package: geometry 2020/01/02 v5.9 Page Geometry

(/usr/share/texlive/texmf-dist/tex/latex/graphics/keyval.sty
Package: keyval 2022/05/29 v1.15 key=value parser (DPC)
\KV@toks@=\toks18
)
(/usr/share/texlive/texmf-dist/tex/generic/iftex/ifvtex.sty
Package: ifvtex 2019/10/25 v1.7 ifvtex legacy package. Use iftex instead.

(/usr/share/texlive/texmf-dist/tex/generic/iftex/iftex.sty
Package: iftex 2022/02/03 v1.0f TeX engine tests
))
\Gm@cnth=\count296
\Gm@cntv=\count297
\c@Gm@tempcnt=\count298
\Gm@bindingoffset=\dimen177
\Gm@wd@mp=\dimen178
\Gm@odd@mp=\dimen179
\Gm@even@mp=\dimen180
\Gm@layoutwidth=\dimen181
\Gm@layoutheight=\dimen182
\Gm@layouthoffset=\dimen183
\Gm@layoutvoffset=\dimen184
\Gm@dimlist=\toks19
) (./1.aux)
\openout1 = `1.aux'.

LaTeX Font Info:    Checking defaults for OML/cmm/m/it on input line 10.
LaTeX Font Info:    ... okay on input line 10.
LaTeX Font Info:    Checking defaults for OMS/cmsy/m/n on input line 10.
LaTeX Font Info:    ... okay on input line 10.
LaTeX Font Info:    Checking defaults for OT1/cmr/m/n on input line 10.
LaTeX Font Info:    ... okay on input line 10.
LaTeX Font Info:    Checking defaults for T1/cmr/m/n on input line 10.
LaTeX Font Info:    ... okay on input line 10.
LaTeX Font Info:    Checking defaults for TS1/cmr/m/n on input line 10.
LaTeX Font Info:    ... okay on input line 10.
LaTeX Font Info:    Checking defaults for TU/lmr/m/n on input line 10.
LaTeX Font Info:    ... okay on input line 10.
LaTeX Font Info:    Checking defaults for OMX/cmex/m/n on input line 10.
LaTeX Font Info:    ... okay on input line 10.
LaTeX Font Info:    Checking defaults for U/cmr/m/n on input line 10.
LaTeX Font Info:    ... okay on input line 10.

Package fontspec Info: Adjusting the maths setup (use [no-math] to avoid
(fontspec)             this).

\symlegacymaths=\mathgroup4
LaTeX Font Info:    Overwriting symbol font `legacymaths' in version `bold'
(Font)                  OT1/cmr/m/n --> OT1/cmr/bx/n on input line 10.
LaTeX Font Info:    Redeclaring math accent \acute on input line 10.
LaTeX Font Info:    Redeclaring math accent \grave on input line 10.
LaTeX Font Info:    Redeclaring math accent \ddot on input line 10.
LaTeX Font Info:    Redeclaring math accent \tilde on input line 10.
LaTeX Font Info:    Redeclaring math accent \bar on input line 10.
LaTeX Font Info:    Redeclaring math accent \breve on input line 10.
LaTeX Font Info:    Redeclaring math accent \check on input line 10.
LaTeX Font Info:    Redeclaring math accent \hat on input line 10.
LaTeX Font Info:    Redeclaring math accent \dot on input line 10.
LaTeX Font Info:    Redeclaring math accent \mathring on input line 10.
LaTeX Font Info:    Redeclaring math symbol \colon on input line 10.
LaTeX Font Info:    Redeclaring math symbol \Gamma on input line 10.
LaTeX Font Info:    Redeclaring math symbol \Delta on input line 10.
LaTeX Font Info:    Redeclaring math symbol \Theta on input line 10.
LaTeX Font Info:    Redeclaring math symbol \Lambda on input line 10.
LaTeX Font Info:    Redeclaring math symbol \Xi on input line 10.
LaTeX Font Info:    Redeclaring math symbol \Pi on input line 10.
LaTeX Font Info:    Redeclaring math symbol \Sigma on input line 10.
LaTeX Font Info:    Redeclaring math symbol \Upsilon on input line 10.
LaTeX Font Info:    Redeclaring math symbol \Phi on input line 10.
LaTeX Font Info:    Redeclaring math symbol \Psi on input line 10.
LaTeX Font Info:    Redeclaring math symbol \Omega on input line 10.
LaTeX Font Info:    Redeclaring math symbol \mathdollar on input line 10.
LaTeX Font Info:    Redeclaring symbol font `operators' on input line 10.
LaTeX Font Info:    Encoding `OT1' has changed to `TU' for symbol font
(Font)              `operators' in the math version `normal' on input line 10.
LaTeX Font Info:    Overwriting symbol font `operators' in version `normal'
(Font)                  OT1/cmr/m/n --> TU/lmr/m/n on input line 10.
LaTeX Font Info:    Encoding `OT1' has changed to `TU' for symbol font
(Font)              `operators' in the math version `bold' on input line 10.
LaTeX Font Info:    Overwriting symbol font `operators' in version `bold'
(Font)                  OT1/cmr/bx/n --> TU/lmr/m/n on input line 10.
LaTeX Font Info:    Overwriting symbol font `operators' in version `normal'
(Font)                  TU/lmr/m/n --> TU/lmr/m/n on input line 10.
LaTeX Font Info:    Overwriting math alphabet `\mathit' in version `normal'
(Font)                  OT1/cmr/m/it --> TU/lmr/m/it on input line 10.
LaTeX Font Info:    Overwriting math alphabet `\mathbf' in version `normal'
(Font)                  OT1/cmr/bx/n --> TU/lmr/b/n on input line 10.
LaTeX Font Info:    Overwriting math alphabet `\mathsf' in version `normal'
(Font)                  OT1/cmss/m/n --> TU/lmss/m/n on input line 10.
LaTeX Font Info:    Overwriting math alphabet `\mathtt' in version `normal'
(Font)                  OT1/cmtt/m/n --> TU/lmtt/m/n on input line 10.
LaTeX Font Info:    Overwriting symbol font `operators' in version `bold'
(Font)                  TU/lmr/m/n --> TU/lmr/b/n on input line 10.
LaTeX Font Info:    Overwriting math alphabet `\mathit' in version `bold'
(Font)                  OT1/cmr/bx/it --> TU/lmr/b/it on input line 10.
LaTeX Font Info:    Overwriting math alphabet `\mathsf' in version `bold'
(Font)                  OT1/cmss/bx/n --> TU/lmss/b/n on input line 10.
LaTeX Font Info:    Overwriting math alphabet `\mathtt' in version `bold'
(Font)                  OT1/cmtt/m/n --> TU/lmtt/b/n on input line 10.

*geometry* driver: auto-detecting
*geometry* detected driver: xetex
*geometry* verbose mode - [ preamble ] result:
* driver: xetex
* paper: a4paper
* layout: <same size as paper>
* layoutoffset:(h,v)=(0.0pt,0.0pt)
* modes: 
* h-part:(L,W,R)=(72.26999pt, 452.9679pt, 72.26999pt)
* v-part:(T,H,B)=(72.26999pt, 700.50687pt, 72.26999pt)
* \paperwidth=597.50787pt
* \paperheight=845.04684pt
* \textwidth=452.9679pt
* \textheight=700.50687pt
* \oddsidemargin=0.0pt
* \evensidemargin=0.0pt
* \topmargin=-37.0pt
* \headheight=12.0pt
* \headsep=25.0pt
* \topskip=10.0pt
* \footskip=30.0pt
* \marginparwidth=65.0pt
* \marginparsep=11.0pt
* \columnsep=10.0pt
* \skip\footins=9.0pt plus 4.0pt minus 2.0pt
* \hoffset=0.0pt
* \voffset=0.0pt
* \mag=1000
* \@twocolumnfalse
* \@twosidefalse
* \@mparswitchfalse
* \@reversemarginfalse
* (1in=72.27pt=25.4mm, 1cm=28.453pt)

! Undefined control sequence.
<argument> @{} >{\raggedright \arraybackslash 
                                              }p{(\columnwidth - 10\tabcolse...
l.28 ...width - 10\tabcolsep) * \real{0.2846}}@{}}
                                                  
? 
! Undefined control sequence.
<argument> ...olumnwidth - 10\tabcolsep ) * \real 
                                                  {0.0977}} >{\raggedright \...
l.28 ...width - 10\tabcolsep) * \real{0.2846}}@{}}
                                                  
? 
! Undefined control sequence.
<argument> ...77}} >{\raggedright \arraybackslash 
                                                  }p{(\columnwidth - 10\tabc...
l.28 ...width - 10\tabcolsep) * \real{0.2846}}@{}}
                                                  
? 
! Undefined control sequence.
<argument> ...olumnwidth - 10\tabcolsep ) * \real 
                                                  {0.1700}} >{\raggedright \...
l.28 ...width - 10\tabcolsep) * \real{0.2846}}@{}}
                                                  
? 
! Undefined control sequence.
<argument> ...00}} >{\raggedright \arraybackslash 
                                                  }p{(\columnwidth - 10\tabc...
l.28 ...width - 10\tabcolsep) * \real{0.2846}}@{}}
                                                  
? 
! Undefined control sequence.
<argument> ...olumnwidth - 10\tabcolsep ) * \real 
                                                  {0.1062}} >{\raggedright \...
l.28 ...width - 10\tabcolsep) * \real{0.2846}}@{}}
                                                  
? 
! Undefined control sequence.
<argument> ...62}} >{\raggedright \arraybackslash 
                                                  }p{(\columnwidth - 10\tabc...
l.28 ...width - 10\tabcolsep) * \real{0.2846}}@{}}
                                                  
? 
! Undefined control sequence.
<argument> ...olumnwidth - 10\tabcolsep ) * \real 
                                                  {0.1912}} >{\raggedright \...
l.28 ...width - 10\tabcolsep) * \real{0.2846}}@{}}
                                                  
? 
! Undefined control sequence.
<argument> ...12}} >{\raggedright \arraybackslash 
                                                  }p{(\columnwidth - 10\tabc...
l.28 ...width - 10\tabcolsep) * \real{0.2846}}@{}}
                                                  
? 
! Undefined control sequence.
<argument> ...olumnwidth - 10\tabcolsep ) * \real 
                                                  {0.1503}} >{\raggedright \...
l.28 ...width - 10\tabcolsep) * \real{0.2846}}@{}}
                                                  
? 
! Undefined control sequence.
<argument> ...03}} >{\raggedright \arraybackslash 
                                                  }p{(\columnwidth - 10\tabc...
l.28 ...width - 10\tabcolsep) * \real{0.2846}}@{}}
                                                  
? 
! Undefined control sequence.
<argument> ...olumnwidth - 10\tabcolsep ) * \real 
                                                  {0.2846}}@{}
l.28 ...width - 10\tabcolsep) * \real{0.2846}}@{}}
                                                  
? 

! LaTeX Error: Illegal character in array arg.

See the LaTeX manual or LaTeX Companion for explanation.
Type  H <return>  for immediate help.
 ...                                              
                                                  
l.28 ...width - 10\tabcolsep) * \real{0.2846}}@{}}
                                                  
? 

! LaTeX Error: Illegal character in array arg.

See the LaTeX manual or LaTeX Companion for explanation.
Type  H <return>  for immediate help.
 ...                                              
                                                  
l.28 ...width - 10\tabcolsep) * \real{0.2846}}@{}}
                                                  
? 

! LaTeX Error: Illegal character in array arg.

See the LaTeX manual or LaTeX Companion for explanation.
Type  H <return>  for immediate help.
 ...                                              
                                                  
l.28 ...width - 10\tabcolsep) * \real{0.2846}}@{}}
                                                  
? 

! LaTeX Error: Illegal character in array arg.

See the LaTeX manual or LaTeX Companion for explanation.
Type  H <return>  for immediate help.
 ...                                              
                                                  
l.28 ...width - 10\tabcolsep) * \real{0.2846}}@{}}
                                                  
? 

! LaTeX Error: Illegal character in array arg.

See the LaTeX manual or LaTeX Companion for explanation.
Type  H <return>  for immediate help.
 ...                                              
                                                  
l.28 ...width - 10\tabcolsep) * \real{0.2846}}@{}}
                                                  
? 

! LaTeX Error: Illegal character in array arg.

See the LaTeX manual or LaTeX Companion for explanation.
Type  H <return>  for immediate help.
 ...                                              
                                                  
l.28 ...width - 10\tabcolsep) * \real{0.2846}}@{}}
                                                  
? 
! Undefined control sequence.
l.29 \toprule
             
? 
! Missing number, treated as zero.
<to be read again> 
                   (
l.30 姓名 & & 学
             号 & & 专业班级 & \\
? 
! Illegal unit of measure (pt inserted).
<to be read again> 
                   (
l.30 姓名 & & 学
             号 & & 专业班级 & \\
? 

Overfull \hbox (29.27837pt too wide) in paragraph at lines 30--30
[]\TU/lmr/m/n/10.53937 ()
 []


Overfull \hbox (5.26968pt too wide) in paragraph at lines 30--30
\TU/lmr/m/n/10.53937 *
 []


Overfull \hbox (29.27837pt too wide) in paragraph at lines 30--30
\TU/lmr/m/n/10.53937 0.0977
 []


Overfull \hbox (10.53937pt too wide) in paragraph at lines 30--30
\TU/FandolSong-Regular(0)/m/n/10.53937 学
 []


Overfull \hbox (10.53937pt too wide) in paragraph at lines 30--30
\TU/FandolSong-Regular(0)/m/n/10.53937 号| 
 []

! Missing number, treated as zero.
<to be read again> 
                   (
l.30 姓名 & & 学号 & & 专业班级 & \\
                            
? 
! Illegal unit of measure (pt inserted).
<to be read again> 
                   (
l.30 姓名 & & 学号 & & 专业班级 & \\
                            
? 

Overfull \hbox (29.27837pt too wide) in paragraph at lines 30--31
[]\TU/lmr/m/n/10.53937 ()
 []


Overfull \hbox (5.26968pt too wide) in paragraph at lines 30--31
\TU/lmr/m/n/10.53937 *
 []


Overfull \hbox (29.27837pt too wide) in paragraph at lines 30--31
\TU/lmr/m/n/10.53937 0.1700| 
 []

! Missing number, treated as zero.
<to be read again> 
                   (
l.32 & & &
           & 电子邮箱 & \\
? 
! Illegal unit of measure (pt inserted).
<to be read again> 
                   (
l.32 & & &
           & 电子邮箱 & \\
? 

Overfull \hbox (29.27837pt too wide) in paragraph at lines 32--32
[]\TU/lmr/m/n/10.53937 ()
 []


Overfull \hbox (5.26968pt too wide) in paragraph at lines 32--32
\TU/lmr/m/n/10.53937 *
 []


Overfull \hbox (29.27837pt too wide) in paragraph at lines 32--32
\TU/lmr/m/n/10.53937 0.0977| 
 []

! Missing number, treated as zero.
<to be read again> 
                   (
l.32 & & & & 电子邮箱 & \\
                      
? 
! Illegal unit of measure (pt inserted).
<to be read again> 
                   (
l.32 & & & & 电子邮箱 & \\
                      
? 

Overfull \hbox (29.27837pt too wide) in paragraph at lines 32--33
[]\TU/lmr/m/n/10.53937 ()
 []


Overfull \hbox (5.26968pt too wide) in paragraph at lines 32--33
\TU/lmr/m/n/10.53937 *
 []


Overfull \hbox (29.27837pt too wide) in paragraph at lines 32--33
\TU/lmr/m/n/10.53937 0.1700| 
 []

! Undefined control sequence.
<argument> @{} >{\raggedright \arraybackslash 
                                              }p{(\columnwidth - 4\tabcolsep...
l.41 ...nwidth - 4\tabcolsep) * \real{0.3959}}@{}}
                                                  
? 
! Undefined control sequence.
<argument> ...columnwidth - 4\tabcolsep ) * \real 
                                                  {0.1551}} >{\raggedright \...
l.41 ...nwidth - 4\tabcolsep) * \real{0.3959}}@{}}
                                                  
? 
! Undefined control sequence.
<argument> ...51}} >{\raggedright \arraybackslash 
                                                  }p{(\columnwidth - 4\tabco...
l.41 ...nwidth - 4\tabcolsep) * \real{0.3959}}@{}}
                                                  
? 
! Undefined control sequence.
<argument> ...columnwidth - 4\tabcolsep ) * \real 
                                                  {0.4490}} >{\raggedright \...
l.41 ...nwidth - 4\tabcolsep) * \real{0.3959}}@{}}
                                                  
? 
! Undefined control sequence.
<argument> ...90}} >{\raggedright \arraybackslash 
                                                  }p{(\columnwidth - 4\tabco...
l.41 ...nwidth - 4\tabcolsep) * \real{0.3959}}@{}}
                                                  
? 
! Undefined control sequence.
<argument> ...columnwidth - 4\tabcolsep ) * \real 
                                                  {0.3959}}@{}
l.41 ...nwidth - 4\tabcolsep) * \real{0.3959}}@{}}
                                                  
? 

! LaTeX Error: Illegal character in array arg.

See the LaTeX manual or LaTeX Companion for explanation.
Type  H <return>  for immediate help.
 ...                                              
                                                  
l.41 ...nwidth - 4\tabcolsep) * \real{0.3959}}@{}}
                                                  
? 

! LaTeX Error: Illegal character in array arg.

See the LaTeX manual or LaTeX Companion for explanation.
Type  H <return>  for immediate help.
 ...                                              
                                                  
l.41 ...nwidth - 4\tabcolsep) * \real{0.3959}}@{}}
                                                  
? 

! LaTeX Error: Illegal character in array arg.

See the LaTeX manual or LaTeX Companion for explanation.
Type  H <return>  for immediate help.
 ...                                              
                                                  
l.41 ...nwidth - 4\tabcolsep) * \real{0.3959}}@{}}
                                                  
? 
! Undefined control sequence.
l.42 \toprule
             
? 
! Undefined control sequence.
<argument> >{\raggedright \arraybackslash 
                                          }p{(\columnwidth - 4\tabcolsep ) *...
l.43 ...lsep) * \real{0.8449} + 2\tabcolsep}@{}}{}
                                                   \\
? 
! Undefined control sequence.
<argument> ...columnwidth - 4\tabcolsep ) * \real 
                                                  {0.8449} + 2\tabcolsep }@{}
l.43 ...lsep) * \real{0.8449} + 2\tabcolsep}@{}}{}
                                                   \\
? 

! LaTeX Error: Illegal character in array arg.

See the LaTeX manual or LaTeX Companion for explanation.
Type  H <return>  for immediate help.
 ...                                              
                                                  
l.43 ...lsep) * \real{0.8449} + 2\tabcolsep}@{}}{}
                                                   \\
? 
! Missing \endgroup inserted.
<inserted text> 
                \endgroup 
l.43 ...lsep) * \real{0.8449} + 2\tabcolsep}@{}}{}
                                                   \\
? 
! You can't use `macro parameter character #' in restricted horizontal mode.
\@preamble ...fil \hskip 1sp\ignorespaces \@sharp 
                                                  \unskip \hfil }\hskip \tab...
l.43 ...lsep) * \real{0.8449} + 2\tabcolsep}@{}}{}
                                                   \\
? 
! Missing number, treated as zero.
<to be read again> 
                   (
l.43 ...lsep) * \real{0.8449} + 2\tabcolsep}@{}}{}
                                                   \\
? 
! Illegal unit of measure (pt inserted).
<to be read again> 
                   (
l.43 ...lsep) * \real{0.8449} + 2\tabcolsep}@{}}{}
                                                   \\
? 
! Missing number, treated as zero.
<to be read again> 
                   \relax 
l.43 ...lsep) * \real{0.8449} + 2\tabcolsep}@{}}{}
                                                   \\
? 
! Illegal unit of measure (pt inserted).
<to be read again> 
                   \relax 
l.43 ...lsep) * \real{0.8449} + 2\tabcolsep}@{}}{}
                                                   \\
? 
! You can't use `macro parameter character #' in horizontal mode.
\@preamble ... 2\tabcolsep }\ignorespaces \@sharp 
                                                  \@endpbox 
l.43 ...lsep) * \real{0.8449} + 2\tabcolsep}@{}}{}
                                                   \\
? 

Overfull \hbox (29.27837pt too wide) in paragraph at lines 43--43
[]\TU/lmr/m/n/10.53937 ()
 []


Overfull \hbox (5.26968pt too wide) in paragraph at lines 43--43
\TU/lmr/m/n/10.53937 *
 []


Overfull \hbox (29.27817pt too wide) in paragraph at lines 43--43
\TU/lmr/m/n/10.53937 0.8449
 []


Overfull \hbox (8.19963pt too wide) in paragraph at lines 43--43
\TU/lmr/m/n/10.53937 +
 []


Overfull \hbox (5.26968pt too wide) in paragraph at lines 43--43
\TU/lmr/m/n/10.53937 2| 
 []

! Missing } inserted.
<inserted text> 
                }
l.43 ...lsep) * \real{0.8449} + 2\tabcolsep}@{}}{}
                                                   \\
? 
! Missing } inserted.
<inserted text> 
                }
l.43 ...lsep) * \real{0.8449} + 2\tabcolsep}@{}}{}
                                                   \\
? 
! Missing \cr inserted.
<inserted text> 
                \cr 
l.43 ...lsep) * \real{0.8449} + 2\tabcolsep}@{}}{}
                                                   \\
? 
! Missing { inserted.
<inserted text> 
                {
l.43 ...lsep) * \real{0.8449} + 2\tabcolsep}@{}}{}
                                                   \\
? 
! Missing } inserted.
<inserted text> 
                }
l.43 ...lsep) * \real{0.8449} + 2\tabcolsep}@{}}{}
                                                   \\
? 
! Misplaced \noalign.
\hline ->\noalign 
                  {\ifnum 0=`}\fi \hrule \@height \arrayrulewidth \futurelet...
l.44 \hline
           
? 

Underfull \hbox (badness 10000) in paragraph at lines 41--44

 []

! Misplaced alignment tab character &.
<recently read> &
                 
l.45 任务描述 &
            \multicolumn{2}{>{\raggedright\arraybackslash}p{(\columnwidth - ...

? 
! Misplaced \omit.
\multispan ->\omit 
                   \@multispan 
l.45 ...al{0.8449} + 2\tabcolsep}@{}}{（填写项目任务及要求）}
                                                   \\
? 
! Misplaced \span.
\sp@n ->\span 
              \omit \advance \@multicnt \m@ne 
l.45 ...al{0.8449} + 2\tabcolsep}@{}}{（填写项目任务及要求）}
                                                   \\
? 
! Misplaced \omit.
\sp@n ->\span \omit 
                    \advance \@multicnt \m@ne 
l.45 ...al{0.8449} + 2\tabcolsep}@{}}{（填写项目任务及要求）}
                                                   \\
? 
! Undefined control sequence.
<argument> >{\raggedright \arraybackslash 
                                          }p{(\columnwidth - 4\tabcolsep ) *...
l.45 ...al{0.8449} + 2\tabcolsep}@{}}{（填写项目任务及要求）}
                                                   \\
? 
! Undefined control sequence.
<argument> ...columnwidth - 4\tabcolsep ) * \real 
                                                  {0.8449} + 2\tabcolsep }@{}
l.45 ...al{0.8449} + 2\tabcolsep}@{}}{（填写项目任务及要求）}
                                                   \\
? 

! LaTeX Error: Illegal character in array arg.

See the LaTeX manual or LaTeX Companion for explanation.
Type  H <return>  for immediate help.
 ...                                              
                                                  
l.45 ...al{0.8449} + 2\tabcolsep}@{}}{（填写项目任务及要求）}
                                                   \\
? 
! Undefined control sequence.
<argument> ...nextchar \ifcase \@chclass \@classz 
                                                  \or \@classi \or \@classii...
l.45 ...al{0.8449} + 2\tabcolsep}@{}}{（填写项目任务及要求）}
                                                   \\
? 
! Undefined control sequence.
<argument> ...nextchar \ifcase \@chclass \@classz 
                                                  \or \@classi \or \@classii...
l.45 ...al{0.8449} + 2\tabcolsep}@{}}{（填写项目任务及要求）}
                                                   \\
? 
! Undefined control sequence.
\@acolampacol ->\@acol 
                       \@addamp \@acol 
l.45 ...al{0.8449} + 2\tabcolsep}@{}}{（填写项目任务及要求）}
                                                   \\
? 
! Undefined control sequence.
\@acolampacol ->\@acol \@addamp \@acol 
                                       
l.45 ...al{0.8449} + 2\tabcolsep}@{}}{（填写项目任务及要求）}
                                                   \\
? 
! Undefined control sequence.
<argument> ...lassii \or \@classiii \or \@classiv 
                                                  \or \@classv \fi \@lastchc...
l.45 ...al{0.8449} + 2\tabcolsep}@{}}{（填写项目任务及要求）}
                                                   \\
? 
! Missing number, treated as zero.
<to be read again> 
                   (
l.45 ...al{0.8449} + 2\tabcolsep}@{}}{（填写项目任务及要求）}
                                                   \\
? 
! Illegal unit of measure (pt inserted).
<to be read again> 
                   (
l.45 ...al{0.8449} + 2\tabcolsep}@{}}{（填写项目任务及要求）}
                                                   \\
? 
! Missing number, treated as zero.
<to be read again> 
                   \relax 
l.45 ...al{0.8449} + 2\tabcolsep}@{}}{（填写项目任务及要求）}
                                                   \\
? 
! Illegal unit of measure (pt inserted).
<to be read again> 
                   \relax 
l.45 ...al{0.8449} + 2\tabcolsep}@{}}{（填写项目任务及要求）}
                                                   \\
? 

Overfull \hbox (29.27837pt too wide) in paragraph at lines 45--45
[]\TU/lmr/m/n/10.53937 ()
 []


Overfull \hbox (5.26968pt too wide) in paragraph at lines 45--45
\TU/lmr/m/n/10.53937 *
 []


Overfull \hbox (29.27817pt too wide) in paragraph at lines 45--45
\TU/lmr/m/n/10.53937 0.8449
 []


Overfull \hbox (8.19963pt too wide) in paragraph at lines 45--45
\TU/lmr/m/n/10.53937 +
 []


Overfull \hbox (5.26949pt too wide) in paragraph at lines 45--45
\TU/lmr/m/n/10.53937 2
 []


Overfull \hbox (14.39677pt too wide) in paragraph at lines 45--45
|\TU/FandolSong-Regular(0)/m/n/10.53937 （填
 []


Overfull \hbox (10.53937pt too wide) in paragraph at lines 45--45
\TU/FandolSong-Regular(0)/m/n/10.53937 写
 []


Overfull \hbox (10.53937pt too wide) in paragraph at lines 45--45
\TU/FandolSong-Regular(0)/m/n/10.53937 项
 []


Overfull \hbox (10.53937pt too wide) in paragraph at lines 45--45
\TU/FandolSong-Regular(0)/m/n/10.53937 目
 []


Overfull \hbox (10.53937pt too wide) in paragraph at lines 45--45
\TU/FandolSong-Regular(0)/m/n/10.53937 任
 []


Overfull \hbox (10.53937pt too wide) in paragraph at lines 45--45
\TU/FandolSong-Regular(0)/m/n/10.53937 务
 []


Overfull \hbox (10.53937pt too wide) in paragraph at lines 45--45
\TU/FandolSong-Regular(0)/m/n/10.53937 及
 []


Overfull \hbox (10.53937pt too wide) in paragraph at lines 45--45
\TU/FandolSong-Regular(0)/m/n/10.53937 要
 []


Overfull \hbox (14.39677pt too wide) in paragraph at lines 45--45
\TU/FandolSong-Regular(0)/m/n/10.53937 求）|| 
 []

! Misplaced \noalign.
\hline ->\noalign 
                  {\ifnum 0=`}\fi \hrule \@height \arrayrulewidth \futurelet...
l.46 \hline
           
? 

Underfull \hbox (badness 10000) in paragraph at lines 45--46

 []

! Misplaced alignment tab character &.
<recently read> &
                 
l.47 技术路线 &
            \multicolumn{2}{>{\raggedright\arraybackslash}p{(\columnwidth - ...

? 
! Misplaced \omit.
\multispan ->\omit 
                   \@multispan 
l.47 ...8449} + 2\tabcolsep}@{}}{（填写项目完成的基本思路和方法）}
                                                   \\
? 
! Misplaced \span.
\sp@n ->\span 
              \omit \advance \@multicnt \m@ne 
l.47 ...8449} + 2\tabcolsep}@{}}{（填写项目完成的基本思路和方法）}
                                                   \\
? 
! Misplaced \omit.
\sp@n ->\span \omit 
                    \advance \@multicnt \m@ne 
l.47 ...8449} + 2\tabcolsep}@{}}{（填写项目完成的基本思路和方法）}
                                                   \\
? 
! Undefined control sequence.
<argument> >{\raggedright \arraybackslash 
                                          }p{(\columnwidth - 4\tabcolsep ) *...
l.47 ...8449} + 2\tabcolsep}@{}}{（填写项目完成的基本思路和方法）}
                                                   \\
? 
! Undefined control sequence.
<argument> ...columnwidth - 4\tabcolsep ) * \real 
                                                  {0.8449} + 2\tabcolsep }@{}
l.47 ...8449} + 2\tabcolsep}@{}}{（填写项目完成的基本思路和方法）}
                                                   \\
? 

! LaTeX Error: Illegal character in array arg.

See the LaTeX manual or LaTeX Companion for explanation.
Type  H <return>  for immediate help.
 ...                                              
                                                  
l.47 ...8449} + 2\tabcolsep}@{}}{（填写项目完成的基本思路和方法）}
                                                   \\
? 
! Undefined control sequence.
<argument> ...nextchar \ifcase \@chclass \@classz 
                                                  \or \@classi \or \@classii...
l.47 ...8449} + 2\tabcolsep}@{}}{（填写项目完成的基本思路和方法）}
                                                   \\
? 
! Undefined control sequence.
<argument> ...nextchar \ifcase \@chclass \@classz 
                                                  \or \@classi \or \@classii...
l.47 ...8449} + 2\tabcolsep}@{}}{（填写项目完成的基本思路和方法）}
                                                   \\
? 
! Undefined control sequence.
\@acolampacol ->\@acol 
                       \@addamp \@acol 
l.47 ...8449} + 2\tabcolsep}@{}}{（填写项目完成的基本思路和方法）}
                                                   \\
? 
! Undefined control sequence.
\@acolampacol ->\@acol \@addamp \@acol 
                                       
l.47 ...8449} + 2\tabcolsep}@{}}{（填写项目完成的基本思路和方法）}
                                                   \\
? 
! Undefined control sequence.
<argument> ...lassii \or \@classiii \or \@classiv 
                                                  \or \@classv \fi \@lastchc...
l.47 ...8449} + 2\tabcolsep}@{}}{（填写项目完成的基本思路和方法）}
                                                   \\
? 
! Missing number, treated as zero.
<to be read again> 
                   (
l.47 ...8449} + 2\tabcolsep}@{}}{（填写项目完成的基本思路和方法）}
                                                   \\
? 
! Illegal unit of measure (pt inserted).
<to be read again> 
                   (
l.47 ...8449} + 2\tabcolsep}@{}}{（填写项目完成的基本思路和方法）}
                                                   \\
? 
! Missing number, treated as zero.
<to be read again> 
                   \relax 
l.47 ...8449} + 2\tabcolsep}@{}}{（填写项目完成的基本思路和方法）}
                                                   \\
? 
! Illegal unit of measure (pt inserted).
<to be read again> 
                   \relax 
l.47 ...8449} + 2\tabcolsep}@{}}{（填写项目完成的基本思路和方法）}
                                                   \\
? 

Overfull \hbox (29.27837pt too wide) in paragraph at lines 47--47
[]\TU/lmr/m/n/10.53937 ()
 []


Overfull \hbox (5.26968pt too wide) in paragraph at lines 47--47
\TU/lmr/m/n/10.53937 *
 []


Overfull \hbox (29.27817pt too wide) in paragraph at lines 47--47
\TU/lmr/m/n/10.53937 0.8449
 []


Overfull \hbox (8.19963pt too wide) in paragraph at lines 47--47
\TU/lmr/m/n/10.53937 +
 []


Overfull \hbox (5.26949pt too wide) in paragraph at lines 47--47
\TU/lmr/m/n/10.53937 2
 []


Overfull \hbox (14.39677pt too wide) in paragraph at lines 47--47
|\TU/FandolSong-Regular(0)/m/n/10.53937 （填
 []


Overfull \hbox (10.53937pt too wide) in paragraph at lines 47--47
\TU/FandolSong-Regular(0)/m/n/10.53937 写
 []


Overfull \hbox (10.53937pt too wide) in paragraph at lines 47--47
\TU/FandolSong-Regular(0)/m/n/10.53937 项
 []


Overfull \hbox (10.53937pt too wide) in paragraph at lines 47--47
\TU/FandolSong-Regular(0)/m/n/10.53937 目
 []


Overfull \hbox (10.53937pt too wide) in paragraph at lines 47--47
\TU/FandolSong-Regular(0)/m/n/10.53937 完
 []


Overfull \hbox (10.53937pt too wide) in paragraph at lines 47--47
\TU/FandolSong-Regular(0)/m/n/10.53937 成
 []


Overfull \hbox (10.53937pt too wide) in paragraph at lines 47--47
\TU/FandolSong-Regular(0)/m/n/10.53937 的
 []


Overfull \hbox (10.53937pt too wide) in paragraph at lines 47--47
\TU/FandolSong-Regular(0)/m/n/10.53937 基
 []


Overfull \hbox (10.53937pt too wide) in paragraph at lines 47--47
\TU/FandolSong-Regular(0)/m/n/10.53937 本
 []


Overfull \hbox (10.53937pt too wide) in paragraph at lines 47--47
\TU/FandolSong-Regular(0)/m/n/10.53937 思
 []


Overfull \hbox (10.53937pt too wide) in paragraph at lines 47--47
\TU/FandolSong-Regular(0)/m/n/10.53937 路
 []


Overfull \hbox (10.53937pt too wide) in paragraph at lines 47--47
\TU/FandolSong-Regular(0)/m/n/10.53937 和
 []


Overfull \hbox (10.53937pt too wide) in paragraph at lines 47--47
\TU/FandolSong-Regular(0)/m/n/10.53937 方
 []


Overfull \hbox (14.39677pt too wide) in paragraph at lines 47--47
\TU/FandolSong-Regular(0)/m/n/10.53937 法）|| 
 []

! Misplaced \noalign.
\hline ->\noalign 
                  {\ifnum 0=`}\fi \hrule \@height \arrayrulewidth \futurelet...
l.48 \hline
           
? 

Underfull \hbox (badness 10000) in paragraph at lines 47--48

 []

[1

]
! Misplaced alignment tab character &.
<recently read> &
                 
l.49 进度安排 &
            \multicolumn{2}{>{\raggedright\arraybackslash}p{(\columnwidth - ...

? 
! Misplaced \omit.
\multispan ->\omit 
                   \@multispan 
l.54 7月21日 实习答辩}
                 \\
? 
! Misplaced \span.
\sp@n ->\span 
              \omit \advance \@multicnt \m@ne 
l.54 7月21日 实习答辩}
                 \\
? 
! Misplaced \omit.
\sp@n ->\span \omit 
                    \advance \@multicnt \m@ne 
l.54 7月21日 实习答辩}
                 \\
? 
! Undefined control sequence.
<argument> >{\raggedright \arraybackslash 
                                          }p{(\columnwidth - 4\tabcolsep ) *...
l.54 7月21日 实习答辩}
                 \\
? 
! Undefined control sequence.
<argument> ...columnwidth - 4\tabcolsep ) * \real 
                                                  {0.8449} + 2\tabcolsep }@{}
l.54 7月21日 实习答辩}
                 \\
? 

! LaTeX Error: Illegal character in array arg.

See the LaTeX manual or LaTeX Companion for explanation.
Type  H <return>  for immediate help.
 ...                                              
                                                  
l.54 7月21日 实习答辩}
                 \\
? 
! Undefined control sequence.
<argument> ...nextchar \ifcase \@chclass \@classz 
                                                  \or \@classi \or \@classii...
l.54 7月21日 实习答辩}
                 \\
? 
! Undefined control sequence.
<argument> ...nextchar \ifcase \@chclass \@classz 
                                                  \or \@classi \or \@classii...
l.54 7月21日 实习答辩}
                 \\
? 
! Undefined control sequence.
\@acolampacol ->\@acol 
                       \@addamp \@acol 
l.54 7月21日 实习答辩}
                 \\
? 
! Undefined control sequence.
\@acolampacol ->\@acol \@addamp \@acol 
                                       
l.54 7月21日 实习答辩}
                 \\
? 
! Undefined control sequence.
<argument> ...lassii \or \@classiii \or \@classiv 
                                                  \or \@classv \fi \@lastchc...
l.54 7月21日 实习答辩}
                 \\
? 
! Missing number, treated as zero.
<to be read again> 
                   (
l.54 7月21日 实习答辩}
                 \\
? 
! Illegal unit of measure (pt inserted).
<to be read again> 
                   (
l.54 7月21日 实习答辩}
                 \\
? 
! Missing number, treated as zero.
<to be read again> 
                   \relax 
l.54 7月21日 实习答辩}
                 \\
? 
! Illegal unit of measure (pt inserted).
<to be read again> 
                   \relax 
l.54 7月21日 实习答辩}
                 \\
? 

Overfull \hbox (29.27837pt too wide) in paragraph at lines 54--54
[]\TU/lmr/m/n/10.53937 ()
 []


Overfull \hbox (5.26968pt too wide) in paragraph at lines 54--54
\TU/lmr/m/n/10.53937 *
 []


Overfull \hbox (29.27817pt too wide) in paragraph at lines 54--54
\TU/lmr/m/n/10.53937 0.8449
 []


Overfull \hbox (8.19963pt too wide) in paragraph at lines 54--54
\TU/lmr/m/n/10.53937 +
 []


Overfull \hbox (10.53937pt too wide) in paragraph at lines 54--54
\TU/lmr/m/n/10.53937 27
 []


Overfull \hbox (10.53937pt too wide) in paragraph at lines 54--54
\TU/FandolSong-Regular(0)/m/n/10.53937 月
 []


Overfull \hbox (10.53937pt too wide) in paragraph at lines 54--54
\TU/lmr/m/n/10.53937 10
 []


Overfull \hbox (10.53937pt too wide) in paragraph at lines 54--54
\TU/FandolSong-Regular(0)/m/n/10.53937 日
 []


Overfull \hbox (10.53937pt too wide) in paragraph at lines 54--54
\TU/FandolSong-Regular(0)/m/n/10.53937 选
 []


Overfull \hbox (10.53937pt too wide) in paragraph at lines 54--54
\TU/FandolSong-Regular(0)/m/n/10.53937 题 
 []


Overfull \hbox (5.26968pt too wide) in paragraph at lines 54--54
\TU/lmr/m/n/10.53937 7
 []


Overfull \hbox (10.53937pt too wide) in paragraph at lines 54--54
\TU/FandolSong-Regular(0)/m/n/10.53937 月
 []


Overfull \hbox (10.53937pt too wide) in paragraph at lines 54--54
\TU/lmr/m/n/10.53937 11
 []


Overfull \hbox (21.07874pt too wide) in paragraph at lines 54--54
\TU/FandolSong-Regular(0)/m/n/10.53937 日\TU/lmr/m/n/10.53937 —
 []


Overfull \hbox (10.53937pt too wide) in paragraph at lines 54--54
\TU/lmr/m/n/10.53937 12
 []


Overfull \hbox (10.53937pt too wide) in paragraph at lines 54--54
\TU/FandolSong-Regular(0)/m/n/10.53937 日
 []


Overfull \hbox (10.53937pt too wide) in paragraph at lines 54--54
\TU/FandolSong-Regular(0)/m/n/10.53937 项
 []


Overfull \hbox (10.53937pt too wide) in paragraph at lines 54--54
\TU/FandolSong-Regular(0)/m/n/10.53937 目
 []


Overfull \hbox (10.53937pt too wide) in paragraph at lines 54--54
\TU/FandolSong-Regular(0)/m/n/10.53937 设
 []


Overfull \hbox (10.53937pt too wide) in paragraph at lines 54--54
\TU/FandolSong-Regular(0)/m/n/10.53937 计 
 []


Overfull \hbox (5.26968pt too wide) in paragraph at lines 54--54
\TU/lmr/m/n/10.53937 7
 []


Overfull \hbox (10.53937pt too wide) in paragraph at lines 54--54
\TU/FandolSong-Regular(0)/m/n/10.53937 月
 []


Overfull \hbox (10.53937pt too wide) in paragraph at lines 54--54
\TU/lmr/m/n/10.53937 13
 []


Overfull \hbox (21.07874pt too wide) in paragraph at lines 54--54
\TU/FandolSong-Regular(0)/m/n/10.53937 日\TU/lmr/m/n/10.53937 —
 []


Overfull \hbox (10.53937pt too wide) in paragraph at lines 54--54
\TU/lmr/m/n/10.53937 17
 []


Overfull \hbox (10.53937pt too wide) in paragraph at lines 54--54
\TU/FandolSong-Regular(0)/m/n/10.53937 日
 []


Overfull \hbox (10.53937pt too wide) in paragraph at lines 54--54
\TU/FandolSong-Regular(0)/m/n/10.53937 代
 []


Overfull \hbox (10.53937pt too wide) in paragraph at lines 54--54
\TU/FandolSong-Regular(0)/m/n/10.53937 码
 []


Overfull \hbox (10.53937pt too wide) in paragraph at lines 54--54
\TU/FandolSong-Regular(0)/m/n/10.53937 实
 []


Overfull \hbox (13.78549pt too wide) in paragraph at lines 54--54
\TU/FandolSong-Regular(0)/m/n/10.53937 现，|
 []


Overfull \hbox (10.53937pt too wide) in paragraph at lines 54--54
\TU/FandolSong-Regular(0)/m/n/10.53937 并
 []


Overfull \hbox (10.53937pt too wide) in paragraph at lines 54--54
\TU/FandolSong-Regular(0)/m/n/10.53937 完
 []


Overfull \hbox (10.53937pt too wide) in paragraph at lines 54--54
\TU/FandolSong-Regular(0)/m/n/10.53937 成
 []


Overfull \hbox (10.53937pt too wide) in paragraph at lines 54--54
\TU/FandolSong-Regular(0)/m/n/10.53937 调
 []


Overfull \hbox (10.53937pt too wide) in paragraph at lines 54--54
\TU/FandolSong-Regular(0)/m/n/10.53937 试 
 []


Overfull \hbox (5.26968pt too wide) in paragraph at lines 54--54
\TU/lmr/m/n/10.53937 7
 []


Overfull \hbox (10.53937pt too wide) in paragraph at lines 54--54
\TU/FandolSong-Regular(0)/m/n/10.53937 月
 []


Overfull \hbox (10.53937pt too wide) in paragraph at lines 54--54
\TU/lmr/m/n/10.53937 17
 []


Overfull \hbox (21.07874pt too wide) in paragraph at lines 54--54
\TU/FandolSong-Regular(0)/m/n/10.53937 日\TU/lmr/m/n/10.53937 —
 []


Overfull \hbox (10.53937pt too wide) in paragraph at lines 54--54
\TU/lmr/m/n/10.53937 18
 []


Overfull \hbox (10.53937pt too wide) in paragraph at lines 54--54
\TU/FandolSong-Regular(0)/m/n/10.53937 日
 []


Overfull \hbox (10.53937pt too wide) in paragraph at lines 54--54
\TU/FandolSong-Regular(0)/m/n/10.53937 程
 []


Overfull \hbox (10.53937pt too wide) in paragraph at lines 54--54
\TU/FandolSong-Regular(0)/m/n/10.53937 序
 []


Overfull \hbox (10.53937pt too wide) in paragraph at lines 54--54
\TU/FandolSong-Regular(0)/m/n/10.53937 优
 []


Overfull \hbox (10.53937pt too wide) in paragraph at lines 54--54
\TU/FandolSong-Regular(0)/m/n/10.53937 化 
 []


Overfull \hbox (5.26968pt too wide) in paragraph at lines 54--54
\TU/lmr/m/n/10.53937 7
 []


Overfull \hbox (10.53937pt too wide) in paragraph at lines 54--54
\TU/FandolSong-Regular(0)/m/n/10.53937 月
 []


Overfull \hbox (10.53937pt too wide) in paragraph at lines 54--54
\TU/lmr/m/n/10.53937 19
 []


Overfull \hbox (21.07874pt too wide) in paragraph at lines 54--54
\TU/FandolSong-Regular(0)/m/n/10.53937 日\TU/lmr/m/n/10.53937 —
 []


Overfull \hbox (10.53937pt too wide) in paragraph at lines 54--54
\TU/lmr/m/n/10.53937 20
 []


Overfull \hbox (10.53937pt too wide) in paragraph at lines 54--54
\TU/FandolSong-Regular(0)/m/n/10.53937 日
 []


Overfull \hbox (10.53937pt too wide) in paragraph at lines 54--54
\TU/FandolSong-Regular(0)/m/n/10.53937 撰
 []


Overfull \hbox (10.53937pt too wide) in paragraph at lines 54--54
\TU/FandolSong-Regular(0)/m/n/10.53937 写
 []


Overfull \hbox (10.53937pt too wide) in paragraph at lines 54--54
\TU/FandolSong-Regular(0)/m/n/10.53937 实
 []


Overfull \hbox (10.53937pt too wide) in paragraph at lines 54--54
\TU/FandolSong-Regular(0)/m/n/10.53937 习
 []


Overfull \hbox (10.53937pt too wide) in paragraph at lines 54--54
\TU/FandolSong-Regular(0)/m/n/10.53937 报
 []


Overfull \hbox (10.53937pt too wide) in paragraph at lines 54--54
\TU/FandolSong-Regular(0)/m/n/10.53937 告 
 []


Overfull \hbox (5.26968pt too wide) in paragraph at lines 54--54
\TU/lmr/m/n/10.53937 7
 []


Overfull \hbox (10.53937pt too wide) in paragraph at lines 54--54
\TU/FandolSong-Regular(0)/m/n/10.53937 月
 []


Overfull \hbox (10.53937pt too wide) in paragraph at lines 54--54
\TU/lmr/m/n/10.53937 21
 []


Overfull \hbox (10.53937pt too wide) in paragraph at lines 54--54
\TU/FandolSong-Regular(0)/m/n/10.53937 日
 []


Overfull \hbox (10.53937pt too wide) in paragraph at lines 54--54
\TU/FandolSong-Regular(0)/m/n/10.53937 实
 []


Overfull \hbox (10.53937pt too wide) in paragraph at lines 54--54
\TU/FandolSong-Regular(0)/m/n/10.53937 习
 []


Overfull \hbox (10.53937pt too wide) in paragraph at lines 54--54
\TU/FandolSong-Regular(0)/m/n/10.53937 答
 []


Overfull \hbox (10.53937pt too wide) in paragraph at lines 54--54
\TU/FandolSong-Regular(0)/m/n/10.53937 辩| 
 []

! Misplaced \noalign.
\hline ->\noalign 
                  {\ifnum 0=`}\fi \hrule \@height \arrayrulewidth \futurelet...
l.55 \hline
           
? 

Underfull \hbox (badness 10000) in paragraph at lines 49--55

 []

[2]
Overfull \vbox (358.6326pt too high) has occurred while \output is active []


[3]
Overfull \vbox (16.44144pt too high) detected at line 56
 []

! Misplaced alignment tab character &.
l.56 \multirow{2}{*}{考核要求} &
                             \multicolumn{2}{>{\raggedright\arraybackslash}p...

? 
! Misplaced \omit.
\multispan ->\omit 
                   \@multispan 
l.56 ...lsep}@{}}{总成绩＝考勤成绩*20％+报告成绩*50\%+答辩成绩*30％}
                                                   \\
? 
! Misplaced \span.
\sp@n ->\span 
              \omit \advance \@multicnt \m@ne 
l.56 ...lsep}@{}}{总成绩＝考勤成绩*20％+报告成绩*50\%+答辩成绩*30％}
                                                   \\
? 
! Misplaced \omit.
\sp@n ->\span \omit 
                    \advance \@multicnt \m@ne 
l.56 ...lsep}@{}}{总成绩＝考勤成绩*20％+报告成绩*50\%+答辩成绩*30％}
                                                   \\
? 
! Undefined control sequence.
<argument> >{\raggedright \arraybackslash 
                                          }p{(\columnwidth - 4\tabcolsep ) *...
l.56 ...lsep}@{}}{总成绩＝考勤成绩*20％+报告成绩*50\%+答辩成绩*30％}
                                                   \\
? 
! Undefined control sequence.
<argument> ...columnwidth - 4\tabcolsep ) * \real 
                                                  {0.8449} + 2\tabcolsep }@{}
l.56 ...lsep}@{}}{总成绩＝考勤成绩*20％+报告成绩*50\%+答辩成绩*30％}
                                                   \\
? 

! LaTeX Error: Illegal character in array arg.

See the LaTeX manual or LaTeX Companion for explanation.
Type  H <return>  for immediate help.
 ...                                              
                                                  
l.56 ...lsep}@{}}{总成绩＝考勤成绩*20％+报告成绩*50\%+答辩成绩*30％}
                                                   \\
? 
! Undefined control sequence.
<argument> ...nextchar \ifcase \@chclass \@classz 
                                                  \or \@classi \or \@classii...
l.56 ...lsep}@{}}{总成绩＝考勤成绩*20％+报告成绩*50\%+答辩成绩*30％}
                                                   \\
? 
! Undefined control sequence.
<argument> ...nextchar \ifcase \@chclass \@classz 
                                                  \or \@classi \or \@classii...
l.56 ...lsep}@{}}{总成绩＝考勤成绩*20％+报告成绩*50\%+答辩成绩*30％}
                                                   \\
? 
! Undefined control sequence.
\@acolampacol ->\@acol 
                       \@addamp \@acol 
l.56 ...lsep}@{}}{总成绩＝考勤成绩*20％+报告成绩*50\%+答辩成绩*30％}
                                                   \\
? 
! Undefined control sequence.
\@acolampacol ->\@acol \@addamp \@acol 
                                       
l.56 ...lsep}@{}}{总成绩＝考勤成绩*20％+报告成绩*50\%+答辩成绩*30％}
                                                   \\
? 
! Undefined control sequence.
<argument> ...lassii \or \@classiii \or \@classiv 
                                                  \or \@classv \fi \@lastchc...
l.56 ...lsep}@{}}{总成绩＝考勤成绩*20％+报告成绩*50\%+答辩成绩*30％}
                                                   \\
? 
! Missing number, treated as zero.
<to be read again> 
                   (
l.56 ...lsep}@{}}{总成绩＝考勤成绩*20％+报告成绩*50\%+答辩成绩*30％}
                                                   \\
? 
! Illegal unit of measure (pt inserted).
<to be read again> 
                   (
l.56 ...lsep}@{}}{总成绩＝考勤成绩*20％+报告成绩*50\%+答辩成绩*30％}
                                                   \\
? 
! Missing number, treated as zero.
<to be read again> 
                   \relax 
l.56 ...lsep}@{}}{总成绩＝考勤成绩*20％+报告成绩*50\%+答辩成绩*30％}
                                                   \\
? 
! Illegal unit of measure (pt inserted).
<to be read again> 
                   \relax 
l.56 ...lsep}@{}}{总成绩＝考勤成绩*20％+报告成绩*50\%+答辩成绩*30％}
                                                   \\
? 

Overfull \hbox (29.27837pt too wide) in paragraph at lines 56--56
[]\TU/lmr/m/n/10.53937 ()
 []


Overfull \hbox (5.26968pt too wide) in paragraph at lines 56--56
\TU/lmr/m/n/10.53937 *
 []


Overfull \hbox (29.27817pt too wide) in paragraph at lines 56--56
\TU/lmr/m/n/10.53937 0.8449
 []


Overfull \hbox (8.19963pt too wide) in paragraph at lines 56--56
\TU/lmr/m/n/10.53937 +
 []


Overfull \hbox (5.26968pt too wide) in paragraph at lines 56--56
\TU/lmr/m/n/10.53937 2
 []


Overfull \hbox (10.53937pt too wide) in paragraph at lines 56--56
\TU/FandolSong-Regular(0)/m/n/10.53937 总
 []


Overfull \hbox (10.53937pt too wide) in paragraph at lines 56--56
\TU/FandolSong-Regular(0)/m/n/10.53937 成
 []


Overfull \hbox (10.53937pt too wide) in paragraph at lines 56--56
\TU/FandolSong-Regular(0)/m/n/10.53937 绩
 []


Overfull \hbox (10.53937pt too wide) in paragraph at lines 56--56
\TU/FandolSong-Regular(0)/m/n/10.53937 ＝
 []


Overfull \hbox (10.53937pt too wide) in paragraph at lines 56--56
\TU/FandolSong-Regular(0)/m/n/10.53937 考
 []


Overfull \hbox (10.53937pt too wide) in paragraph at lines 56--56
\TU/FandolSong-Regular(0)/m/n/10.53937 勤
 []


Overfull \hbox (10.53937pt too wide) in paragraph at lines 56--56
\TU/FandolSong-Regular(0)/m/n/10.53937 成
 []


Overfull \hbox (10.53937pt too wide) in paragraph at lines 56--56
\TU/FandolSong-Regular(0)/m/n/10.53937 绩
 []


Overfull \hbox (24.87291pt too wide) in paragraph at lines 56--56
\TU/lmr/m/n/10.53937 *20\TU/FandolSong-Regular(0)/m/n/10.53937 ％|
 []


Overfull \hbox (8.19963pt too wide) in paragraph at lines 56--56
\TU/lmr/m/n/10.53937 +
 []


Overfull \hbox (10.53937pt too wide) in paragraph at lines 56--56
\TU/FandolSong-Regular(0)/m/n/10.53937 报
 []


Overfull \hbox (10.53937pt too wide) in paragraph at lines 56--56
\TU/FandolSong-Regular(0)/m/n/10.53937 告
 []


Overfull \hbox (10.53937pt too wide) in paragraph at lines 56--56
\TU/FandolSong-Regular(0)/m/n/10.53937 成
 []


Overfull \hbox (10.53937pt too wide) in paragraph at lines 56--56
\TU/FandolSong-Regular(0)/m/n/10.53937 绩
 []


Overfull \hbox (32.78798pt too wide) in paragraph at lines 56--56
\TU/lmr/m/n/10.53937 *50%+
 []


Overfull \hbox (10.53937pt too wide) in paragraph at lines 56--56
\TU/FandolSong-Regular(0)/m/n/10.53937 答
 []


Overfull \hbox (10.53937pt too wide) in paragraph at lines 56--56
\TU/FandolSong-Regular(0)/m/n/10.53937 辩
 []


Overfull \hbox (10.53937pt too wide) in paragraph at lines 56--56
\TU/FandolSong-Regular(0)/m/n/10.53937 成
 []


Overfull \hbox (10.53937pt too wide) in paragraph at lines 56--56
\TU/FandolSong-Regular(0)/m/n/10.53937 绩
 []


Overfull \hbox (24.87291pt too wide) in paragraph at lines 56--56
\TU/lmr/m/n/10.53937 *30\TU/FandolSong-Regular(0)/m/n/10.53937 ％|| 
 []

! Misplaced alignment tab character &.
<recently read> &
                 
l.57 &
       & 指导教师（签名） \\
? 
! Misplaced alignment tab character &.
l.57 & &
         指导教师（签名） \\
? 
! Undefined control sequence.
<recently read> \bottomrule 
                            
l.58 \bottomrule
                
? 
! Misplaced \crcr.
\endlongtable ->\crcr 
                      \noalign {\let \LT@entry \LT@entry@chop \xdef \LT@save...
l.59 \end{longtable}
                    
? 
! Misplaced \noalign.
\endlongtable ->\crcr \noalign 
                               {\let \LT@entry \LT@entry@chop \xdef \LT@save...
l.59 \end{longtable}
                    
? 
! Misplaced \crcr.
\LT@echunk ->\crcr 
                   \LT@save@row \cr \egroup \global \setbox \LT@gbox \lastbo...
l.59 \end{longtable}
                    
? 
! Misplaced alignment tab character &.
<argument> &
            
l.59 \end{longtable}
                    
? 
! Misplaced \omit.
\LT@entry ...->\ifhmode \@firstofone {&}\fi \omit 
                                                  \ifnum #1=\c@LT@chunks \el...
l.59 \end{longtable}
                    
? 
! Misplaced alignment tab character &.
<argument> &
            
l.59 \end{longtable}
                    
? 
! Misplaced \omit.
\LT@entry ...->\ifhmode \@firstofone {&}\fi \omit 
                                                  \ifnum #1=\c@LT@chunks \el...
l.59 \end{longtable}
                    
? 
! Misplaced alignment tab character &.
<argument> &
            
l.59 \end{longtable}
                    
? 
! Misplaced \omit.
\LT@entry ...->\ifhmode \@firstofone {&}\fi \omit 
                                                  \ifnum #1=\c@LT@chunks \el...
l.59 \end{longtable}
                    
? 
! Misplaced alignment tab character &.
<argument> &
            
l.59 \end{longtable}
                    
? 
! Misplaced \omit.
\LT@entry ...->\ifhmode \@firstofone {&}\fi \omit 
                                                  \ifnum #1=\c@LT@chunks \el...
l.59 \end{longtable}
                    
? 
! Misplaced alignment tab character &.
<argument> &
            
l.59 \end{longtable}
                    
? 
! Misplaced \omit.
\LT@entry ...->\ifhmode \@firstofone {&}\fi \omit 
                                                  \ifnum #1=\c@LT@chunks \el...
l.59 \end{longtable}
                    
? 
! Misplaced alignment tab character &.
<argument> &
            
l.59 \end{longtable}
                    
? 
! Misplaced \omit.
\LT@entry ...->\ifhmode \@firstofone {&}\fi \omit 
                                                  \ifnum #1=\c@LT@chunks \el...
l.59 \end{longtable}
                    
? 
! Misplaced alignment tab character &.
<argument> &
            
l.59 \end{longtable}
                    
? 
! Misplaced \omit.
\LT@entry ...->\ifhmode \@firstofone {&}\fi \omit 
                                                  \ifnum #1=\c@LT@chunks \el...
l.59 \end{longtable}
                    
? 
! Misplaced alignment tab character &.
<argument> &
            
l.59 \end{longtable}
                    
? 
! Misplaced \omit.
\LT@entry ...->\ifhmode \@firstofone {&}\fi \omit 
                                                  \ifnum #1=\c@LT@chunks \el...
l.59 \end{longtable}
                    
? 
! Misplaced alignment tab character &.
<argument> &
            
l.59 \end{longtable}
                    
? 
! Misplaced \omit.
\LT@entry ...->\ifhmode \@firstofone {&}\fi \omit 
                                                  \ifnum #1=\c@LT@chunks \el...
l.59 \end{longtable}
                    
? 
! Misplaced \cr.
\LT@echunk ->\crcr \LT@save@row \cr 
                                    \egroup \global \setbox \LT@gbox \lastbo...
l.59 \end{longtable}
                    
? 
! Extra }, or forgotten \endgroup.
\LT@echunk ->\crcr \LT@save@row \cr \egroup 
                                            \global \setbox \LT@gbox \lastbo...
l.59 \end{longtable}
                    
? 
! Extra }, or forgotten \endgroup.
\LT@echunk ...x \LT@gbox \lastbox \unskip \egroup 
                                                  
l.59 \end{longtable}
                    
? 

Underfull \hbox (badness 10000) in paragraph at lines 56--59

 []


! LaTeX Error: \begin{document} ended by \end{longtable}.

See the LaTeX manual or LaTeX Companion for explanation.
Type  H <return>  for immediate help.
 ...                                              
                                                  
l.59 \end{longtable}
                    
? 
! Extra \endgroup.
<recently read> \endgroup 
                          
l.59 \end{longtable}
                    
? 
[4] (./1.aux)
 ***********
LaTeX2e <2023-11-01> patch level 1
L3 programming layer <2022/07/14>
 ***********
 ) 
Here is how much of TeX's memory you used:
 6906 strings out of 476443
 203081 string characters out of 5793962
 1923627 words of memory out of 5000000
 28813 multiletter control sequences out of 15000+600000
 559839 words of font info for 54 fonts, out of 8000000 for 9000
 264 hyphenation exceptions out of 8191
 93i,6n,97p,362b,295s stack positions out of 10000i,1000n,20000p,200000b,200000s

Output written on 1.pdf (4 pages).
